# JRE version: OpenJDK Runtime Environment (21.0.2+13) (build 21.0.2+13-58)
# Java VM: OpenJDK 64-Bit Server VM (21.0.2+13-58, mixed mode, sharing, tiered, compressed oops, compressed class ptrs, g1 gc, windows-amd64)
GC Precious Log:
 CardTable entry size: 512
 Card Set container configuration: InlinePtr #cards 4 size 8 Array Of Cards #cards 16 size 48 Howl #buckets 8 coarsen threshold 3686 Howl Bitmap #cards 512 size 80 coarsen threshold 460 Card regions per heap region 1 cards per card region 4096
 CPUs: 4 total, 4 available
 Memory: 16294M
 Large Page Support: Disabled
 NUMA Support: Disabled
 Compressed Oops: Enabled (Zero based)
 Heap Region Size: 2M
 Heap Min Capacity: 8M
 Heap Initial Capacity: 256M
 Heap Max Capacity: 4074M
 Pre-touch: Disabled
 Parallel Workers: 4
 Concurrent Workers: 1
 Concurrent Refinement Workers: 4
 Periodic GC: Disabled
Heap:
 garbage-first heap   total 81920K, used 21513K [0x0000000701600000, 0x0000000800000000)
  region size 2048K, 3 young (6144K), 2 survivors (4096K)
 Metaspace       used 23543K, committed 23872K, reserved 1114112K
  class space    used 2624K, committed 2752K, reserved 1048576K
GC Heap History (12 events):
Event: 0.695 GC heap before
{Heap before GC invocations=0 (full 0):
 garbage-first heap   total 262144K, used 12288K [0x0000000701600000, 0x0000000800000000)
  region size 2048K, 6 young (12288K), 0 survivors (0K)
 Metaspace       used 3620K, committed 3776K, reserved 1114112K
  class space    used 358K, committed 448K, reserved 1048576K
}
Event: 0.699 GC heap after
{Heap after GC invocations=1 (full 0):
 garbage-first heap   total 262144K, used 3290K [0x0000000701600000, 0x0000000800000000)
  region size 2048K, 1 young (2048K), 1 survivors (2048K)
 Metaspace       used 3620K, committed 3776K, reserved 1114112K
  class space    used 358K, committed 448K, reserved 1048576K
}
Event: 0.963 GC heap before
{Heap before GC invocations=1 (full 0):
 garbage-first heap   total 262144K, used 11482K [0x0000000701600000, 0x0000000800000000)
  region size 2048K, 6 young (12288K), 1 survivors (2048K)
 Metaspace       used 5723K, committed 5952K, reserved 1114112K
  class space    used 658K, committed 768K, reserved 1048576K
}
Event: 0.967 GC heap after
{Heap after GC invocations=2 (full 0):
 garbage-first heap   total 262144K, used 4302K [0x0000000701600000, 0x0000000800000000)
  region size 2048K, 1 young (2048K), 1 survivors (2048K)
 Metaspace       used 5723K, committed 5952K, reserved 1114112K
  class space    used 658K, committed 768K, reserved 1048576K
}
Event: 1.922 GC heap before
{Heap before GC invocations=2 (full 0):
 garbage-first heap   total 262144K, used 37070K [0x0000000701600000, 0x0000000800000000)
  region size 2048K, 18 young (36864K), 1 survivors (2048K)
 Metaspace       used 11157K, committed 11328K, reserved 1114112K
  class space    used 1318K, committed 1408K, reserved 1048576K
}
Event: 1.925 GC heap after
{Heap after GC invocations=3 (full 0):
 garbage-first heap   total 262144K, used 6075K [0x0000000701600000, 0x0000000800000000)
  region size 2048K, 2 young (4096K), 2 survivors (4096K)
 Metaspace       used 11157K, committed 11328K, reserved 1114112K
  class space    used 1318K, committed 1408K, reserved 1048576K
}
Event: 5.164 GC heap before
{Heap before GC invocations=3 (full 0):
 garbage-first heap   total 262144K, used 188347K [0x0000000701600000, 0x0000000800000000)
  region size 2048K, 76 young (155648K), 2 survivors (4096K)
 Metaspace       used 21031K, committed 21440K, reserved 1114112K
  class space    used 2294K, committed 2432K, reserved 1048576K
}
Event: 5.181 GC heap after
{Heap after GC invocations=4 (full 0):
 garbage-first heap   total 262144K, used 18191K [0x0000000701600000, 0x0000000800000000)
  region size 2048K, 8 young (16384K), 8 survivors (16384K)
 Metaspace       used 21031K, committed 21440K, reserved 1114112K
  class space    used 2294K, committed 2432K, reserved 1048576K
}
Event: 5.199 GC heap before
{Heap before GC invocations=4 (full 0):
 garbage-first heap   total 262144K, used 18191K [0x0000000701600000, 0x0000000800000000)
  region size 2048K, 9 young (18432K), 8 survivors (16384K)
 Metaspace       used 21179K, committed 21504K, reserved 1114112K
  class space    used 2316K, committed 2432K, reserved 1048576K
}
Event: 5.211 GC heap after
{Heap after GC invocations=5 (full 0):
 garbage-first heap   total 262144K, used 19810K [0x0000000701600000, 0x0000000800000000)
  region size 2048K, 1 young (2048K), 1 survivors (2048K)
 Metaspace       used 21179K, committed 21504K, reserved 1114112K
  class space    used 2316K, committed 2432K, reserved 1048576K
}
Event: 15.650 GC heap before
{Heap before GC invocations=6 (full 0):
 garbage-first heap   total 81920K, used 66914K [0x0000000701600000, 0x0000000800000000)
  region size 2048K, 24 young (49152K), 1 survivors (2048K)
 Metaspace       used 23430K, committed 23808K, reserved 1114112K
  class space    used 2609K, committed 2752K, reserved 1048576K
}
Event: 15.653 GC heap after
{Heap after GC invocations=7 (full 0):
 garbage-first heap   total 81920K, used 21513K [0x0000000701600000, 0x0000000800000000)
  region size 2048K, 2 young (4096K), 2 survivors (4096K)
 Metaspace       used 23430K, committed 23808K, reserved 1114112K
  class space    used 2609K, committed 2752K, reserved 1048576K
}

